2023-07-20T19:22:50+00:00 CRITICAL Uncaught TypeError: fwrite(): Argument #1 ($stream) must be of type resource, bool given in /Applications/XAMPP/xamppfiles/htdocs/wordpress/wp-content/plugins/print-invoices-packing-slip-labels-for-woocommerce/includes/vendor/phenx/php-font-lib/src/FontLib/BinaryStream.php:153
Stack trace:
#0 /Applications/XAMPP/xamppfiles/htdocs/wordpress/wp-content/plugins/print-invoices-packing-slip-labels-for-woocommerce/includes/vendor/phenx/php-font-lib/src/FontLib/BinaryStream.php(153): fwrite(false, '\x00\x01\x00\x00', 4)
#1 /Applications/XAMPP/xamppfiles/htdocs/wordpress/wp-content/plugins/print-invoices-packing-slip-labels-for-woocommerce/includes/vendor/phenx/php-font-lib/src/FontLib/BinaryStream.php(257): FontLib\BinaryStream->write('\x00\x01\x00\x00', 4)
#2 /Applications/XAMPP/xamppfiles/htdocs/wordpress/wp-content/plugins/print-invoices-packing-slip-labels-for-woocommerce/includes/vendor/phenx/php-font-lib/src/FontLib/BinaryStream.php(397): FontLib\BinaryStream->writeUInt32(65536)
#3 /Applications/XAMPP/xamppfiles/htdocs/wordpress/wp-content/plugins/print-invoices-packing-slip-labels-for-woocommerce/includes/vendor/phenx/php-font-lib/src/FontLib/BinaryStream.php(307): FontLib\BinaryStream->w(5, 65536)
#4 /Applications/XAMPP/xamppfiles/htdocs/wordpress/wp-content/plugins/print-invoices-packing-slip-labels-for-woocommerce/includes/vendor/phenx/php-font-lib/src/FontLib/Header.php(31): FontLib\BinaryStream->pack(Array, Array)
#5 /Applications/XAMPP/xamppfiles/htdocs/wordpress/wp-content/plugins/print-invoices-packing-slip-labels-for-woocommerce/includes/vendor/phenx/php-font-lib/src/FontLib/TrueType/File.php(243): FontLib\Header->encode()
#6 /Applications/XAMPP/xamppfiles/htdocs/wordpress/wp-content/plugins/print-invoices-packing-slip-labels-for-woocommerce/includes/vendor/dompdf/dompdf/lib/Cpdf.php(1178): FontLib\TrueType\File->encode(Array)
#7 /Applications/XAMPP/xamppfiles/htdocs/wordpress/wp-content/plugins/print-invoices-packing-slip-labels-for-woocommerce/includes/vendor/dompdf/dompdf/lib/Cpdf.php(931): Dompdf\Cpdf->processFont(8, Array)
#8 /Applications/XAMPP/xamppfiles/htdocs/wordpress/wp-content/plugins/print-invoices-packing-slip-labels-for-woocommerce/includes/vendor/dompdf/dompdf/lib/Cpdf.php(3195): Dompdf\Cpdf->o_font(8, 'add')
#9 /Applications/XAMPP/xamppfiles/htdocs/wordpress/wp-content/plugins/print-invoices-packing-slip-labels-for-woocommerce/includes/vendor/dompdf/dompdf/src/Adapter/CPDF.php(1189): Dompdf\Cpdf->output(false)
#10 /Applications/XAMPP/xamppfiles/htdocs/wordpress/wp-content/plugins/print-invoices-packing-slip-labels-for-woocommerce/includes/vendor/dompdf/dompdf/src/Dompdf.php(928): Dompdf\Adapter\CPDF->stream('/Applications/X...', Array)
#11 /Applications/XAMPP/xamppfiles/htdocs/wordpress/wp-content/plugins/print-invoices-packing-slip-labels-for-woocommerce/includes/class-dompdf.php(43): Dompdf\Dompdf->stream('/Applications/X...', Array)
#12 /Applications/XAMPP/xamppfiles/htdocs/wordpress/wp-content/plugins/print-invoices-packing-slip-labels-for-woocommerce/includes/class-wf-woocommerce-packing-list-pdf_generator.php(112): Wt_Pklist_Dompdf->generate('/Applications/X...', '<!DOCTYPE html>...', 'download', false, '/Applications/X...', Array)
#13 /Applications/XAMPP/xamppfiles/htdocs/wordpress/wp-content/plugins/print-invoices-packing-slip-labels-for-woocommerce/admin/modules/customizer/customizer.php(960): Wf_Woocommerce_Packing_List_Pdf_generator::generate_pdf('<!DOCTYPE html>...', 'packinglist', 'Packing-slip_13...', 'download')
#14 /Applications/XAMPP/xamppfiles/htdocs/wordpress/wp-content/plugins/print-invoices-packing-slip-labels-for-woocommerce/public/modules/packinglist/packinglist.php(314): Wf_Woocommerce_Packing_List_Customizer->generate_template_pdf('<!DOCTYPE html>...', 'packinglist', 'Packing-slip_13...', 'download')
#15 /Applications/XAMPP/xamppfiles/htdocs/wordpress/wp-includes/class-wp-hook.php(308): Wf_Woocommerce_Packing_List_Packinglist->print_it(Array, 'download_packin...')
#16 /Applications/XAMPP/xamppfiles/htdocs/wordpress/wp-includes/class-wp-hook.php(332): WP_Hook->apply_filters(NULL, Array)
#17 /Applications/XAMPP/xamppfiles/htdocs/wordpress/wp-includes/plugin.php(517): WP_Hook->do_action(Array)
#18 /Applications/XAMPP/xamppfiles/htdocs/wordpress/wp-content/plugins/print-invoices-packing-slip-labels-for-woocommerce/admin/class-wf-woocommerce-packing-list-admin.php(942): do_action('wt_print_doc', Array, 'download_packin...')
#19 /Applications/XAMPP/xamppfiles/htdocs/wordpress/wp-includes/class-wp-hook.php(308): Wf_Woocommerce_Packing_List_Admin->print_window('')
#20 /Applications/XAMPP/xamppfiles/htdocs/wordpress/wp-includes/class-wp-hook.php(332): WP_Hook->apply_filters(NULL, Array)
#21 /Applications/XAMPP/xamppfiles/htdocs/wordpress/wp-includes/plugin.php(517): WP_Hook->do_action(Array)
#22 /Applications/XAMPP/xamppfiles/htdocs/wordpress/wp-settings.php(623): do_action('init')
#23 /Applications/XAMPP/xamppfiles/htdocs/wordpress/wp-config.php(97): require_once('/Applications/X...')
#24 /Applications/XAMPP/xamppfiles/htdocs/wordpress/wp-load.php(50): require_once('/Applications/X...')
#25 /Applications/XAMPP/xamppfiles/htdocs/wordpress/wp-admin/admin.php(34): require_once('/Applications/X...')
#26 /Applications/XAMPP/xamppfiles/htdocs/wordpress/wp-admin/index.php(10): require_once('/Applications/X...')
#27 {main}
  thrown in /Applications/XAMPP/xamppfiles/htdocs/wordpress/wp-content/plugins/print-invoices-packing-slip-labels-for-woocommerce/includes/vendor/phenx/php-font-lib/src/FontLib/BinaryStream.php on line 153

2023-07-20T19:22:59+00:00 CRITICAL Uncaught TypeError: fwrite(): Argument #1 ($stream) must be of type resource, bool given in /Applications/XAMPP/xamppfiles/htdocs/wordpress/wp-content/plugins/print-invoices-packing-slip-labels-for-woocommerce/includes/vendor/phenx/php-font-lib/src/FontLib/BinaryStream.php:153
Stack trace:
#0 /Applications/XAMPP/xamppfiles/htdocs/wordpress/wp-content/plugins/print-invoices-packing-slip-labels-for-woocommerce/includes/vendor/phenx/php-font-lib/src/FontLib/BinaryStream.php(153): fwrite(false, '\x00\x01\x00\x00', 4)
#1 /Applications/XAMPP/xamppfiles/htdocs/wordpress/wp-content/plugins/print-invoices-packing-slip-labels-for-woocommerce/includes/vendor/phenx/php-font-lib/src/FontLib/BinaryStream.php(257): FontLib\BinaryStream->write('\x00\x01\x00\x00', 4)
#2 /Applications/XAMPP/xamppfiles/htdocs/wordpress/wp-content/plugins/print-invoices-packing-slip-labels-for-woocommerce/includes/vendor/phenx/php-font-lib/src/FontLib/BinaryStream.php(397): FontLib\BinaryStream->writeUInt32(65536)
#3 /Applications/XAMPP/xamppfiles/htdocs/wordpress/wp-content/plugins/print-invoices-packing-slip-labels-for-woocommerce/includes/vendor/phenx/php-font-lib/src/FontLib/BinaryStream.php(307): FontLib\BinaryStream->w(5, 65536)
#4 /Applications/XAMPP/xamppfiles/htdocs/wordpress/wp-content/plugins/print-invoices-packing-slip-labels-for-woocommerce/includes/vendor/phenx/php-font-lib/src/FontLib/Header.php(31): FontLib\BinaryStream->pack(Array, Array)
#5 /Applications/XAMPP/xamppfiles/htdocs/wordpress/wp-content/plugins/print-invoices-packing-slip-labels-for-woocommerce/includes/vendor/phenx/php-font-lib/src/FontLib/TrueType/File.php(243): FontLib\Header->encode()
#6 /Applications/XAMPP/xamppfiles/htdocs/wordpress/wp-content/plugins/print-invoices-packing-slip-labels-for-woocommerce/includes/vendor/dompdf/dompdf/lib/Cpdf.php(1178): FontLib\TrueType\File->encode(Array)
#7 /Applications/XAMPP/xamppfiles/htdocs/wordpress/wp-content/plugins/print-invoices-packing-slip-labels-for-woocommerce/includes/vendor/dompdf/dompdf/lib/Cpdf.php(931): Dompdf\Cpdf->processFont(9, Array)
#8 /Applications/XAMPP/xamppfiles/htdocs/wordpress/wp-content/plugins/print-invoices-packing-slip-labels-for-woocommerce/includes/vendor/dompdf/dompdf/lib/Cpdf.php(3195): Dompdf\Cpdf->o_font(9, 'add')
#9 /Applications/XAMPP/xamppfiles/htdocs/wordpress/wp-content/plugins/print-invoices-packing-slip-labels-for-woocommerce/includes/vendor/dompdf/dompdf/src/Adapter/CPDF.php(1189): Dompdf\Cpdf->output(false)
#10 /Applications/XAMPP/xamppfiles/htdocs/wordpress/wp-content/plugins/print-invoices-packing-slip-labels-for-woocommerce/includes/vendor/dompdf/dompdf/src/Dompdf.php(928): Dompdf\Adapter\CPDF->stream('/Applications/X...', Array)
#11 /Applications/XAMPP/xamppfiles/htdocs/wordpress/wp-content/plugins/print-invoices-packing-slip-labels-for-woocommerce/includes/class-dompdf.php(43): Dompdf\Dompdf->stream('/Applications/X...', Array)
#12 /Applications/XAMPP/xamppfiles/htdocs/wordpress/wp-content/plugins/print-invoices-packing-slip-labels-for-woocommerce/includes/class-wf-woocommerce-packing-list-pdf_generator.php(112): Wt_Pklist_Dompdf->generate('/Applications/X...', '<!DOCTYPE html>...', 'download', false, '/Applications/X...', Array)
#13 /Applications/XAMPP/xamppfiles/htdocs/wordpress/wp-content/plugins/print-invoices-packing-slip-labels-for-woocommerce/admin/modules/customizer/customizer.php(960): Wf_Woocommerce_Packing_List_Pdf_generator::generate_pdf('<!DOCTYPE html>...', 'invoice', 'Invoice_137', 'download')
#14 /Applications/XAMPP/xamppfiles/htdocs/wordpress/wp-content/plugins/print-invoices-packing-slip-labels-for-woocommerce/public/modules/invoice/invoice.php(1614): Wf_Woocommerce_Packing_List_Customizer->generate_template_pdf('<!DOCTYPE html>...', 'invoice', 'Invoice_137', 'download')
#15 /Applications/XAMPP/xamppfiles/htdocs/wordpress/wp-includes/class-wp-hook.php(308): Wf_Woocommerce_Packing_List_Invoice->print_it(Array, 'download')
#16 /Applications/XAMPP/xamppfiles/htdocs/wordpress/wp-includes/class-wp-hook.php(332): WP_Hook->apply_filters('', Array)
#17 /Applications/XAMPP/xamppfiles/htdocs/wordpress/wp-includes/plugin.php(517): WP_Hook->do_action(Array)
#18 /Applications/XAMPP/xamppfiles/htdocs/wordpress/wp-content/plugins/print-invoices-packing-slip-labels-for-woocommerce/admin/class-wf-woocommerce-packing-list-admin.php(942): do_action('wt_print_doc', Array, 'download_invoic...')
#19 /Applications/XAMPP/xamppfiles/htdocs/wordpress/wp-includes/class-wp-hook.php(308): Wf_Woocommerce_Packing_List_Admin->print_window('')
#20 /Applications/XAMPP/xamppfiles/htdocs/wordpress/wp-includes/class-wp-hook.php(332): WP_Hook->apply_filters(NULL, Array)
#21 /Applications/XAMPP/xamppfiles/htdocs/wordpress/wp-includes/plugin.php(517): WP_Hook->do_action(Array)
#22 /Applications/XAMPP/xamppfiles/htdocs/wordpress/wp-settings.php(623): do_action('init')
#23 /Applications/XAMPP/xamppfiles/htdocs/wordpress/wp-config.php(97): require_once('/Applications/X...')
#24 /Applications/XAMPP/xamppfiles/htdocs/wordpress/wp-load.php(50): require_once('/Applications/X...')
#25 /Applications/XAMPP/xamppfiles/htdocs/wordpress/wp-admin/admin.php(34): require_once('/Applications/X...')
#26 /Applications/XAMPP/xamppfiles/htdocs/wordpress/wp-admin/index.php(10): require_once('/Applications/X...')
#27 {main}
  thrown in /Applications/XAMPP/xamppfiles/htdocs/wordpress/wp-content/plugins/print-invoices-packing-slip-labels-for-woocommerce/includes/vendor/phenx/php-font-lib/src/FontLib/BinaryStream.php on line 153

2023-07-20T19:25:00+00:00 CRITICAL Uncaught TypeError: fwrite(): Argument #1 ($stream) must be of type resource, bool given in /Applications/XAMPP/xamppfiles/htdocs/wordpress/wp-content/plugins/print-invoices-packing-slip-labels-for-woocommerce/includes/vendor/phenx/php-font-lib/src/FontLib/BinaryStream.php:153
Stack trace:
#0 /Applications/XAMPP/xamppfiles/htdocs/wordpress/wp-content/plugins/print-invoices-packing-slip-labels-for-woocommerce/includes/vendor/phenx/php-font-lib/src/FontLib/BinaryStream.php(153): fwrite(false, '\x00\x01\x00\x00', 4)
#1 /Applications/XAMPP/xamppfiles/htdocs/wordpress/wp-content/plugins/print-invoices-packing-slip-labels-for-woocommerce/includes/vendor/phenx/php-font-lib/src/FontLib/BinaryStream.php(257): FontLib\BinaryStream->write('\x00\x01\x00\x00', 4)
#2 /Applications/XAMPP/xamppfiles/htdocs/wordpress/wp-content/plugins/print-invoices-packing-slip-labels-for-woocommerce/includes/vendor/phenx/php-font-lib/src/FontLib/BinaryStream.php(397): FontLib\BinaryStream->writeUInt32(65536)
#3 /Applications/XAMPP/xamppfiles/htdocs/wordpress/wp-content/plugins/print-invoices-packing-slip-labels-for-woocommerce/includes/vendor/phenx/php-font-lib/src/FontLib/BinaryStream.php(307): FontLib\BinaryStream->w(5, 65536)
#4 /Applications/XAMPP/xamppfiles/htdocs/wordpress/wp-content/plugins/print-invoices-packing-slip-labels-for-woocommerce/includes/vendor/phenx/php-font-lib/src/FontLib/Header.php(31): FontLib\BinaryStream->pack(Array, Array)
#5 /Applications/XAMPP/xamppfiles/htdocs/wordpress/wp-content/plugins/print-invoices-packing-slip-labels-for-woocommerce/includes/vendor/phenx/php-font-lib/src/FontLib/TrueType/File.php(243): FontLib\Header->encode()
#6 /Applications/XAMPP/xamppfiles/htdocs/wordpress/wp-content/plugins/print-invoices-packing-slip-labels-for-woocommerce/includes/vendor/dompdf/dompdf/lib/Cpdf.php(1178): FontLib\TrueType\File->encode(Array)
#7 /Applications/XAMPP/xamppfiles/htdocs/wordpress/wp-content/plugins/print-invoices-packing-slip-labels-for-woocommerce/includes/vendor/dompdf/dompdf/lib/Cpdf.php(931): Dompdf\Cpdf->processFont(8, Array)
#8 /Applications/XAMPP/xamppfiles/htdocs/wordpress/wp-content/plugins/print-invoices-packing-slip-labels-for-woocommerce/includes/vendor/dompdf/dompdf/lib/Cpdf.php(3195): Dompdf\Cpdf->o_font(8, 'add')
#9 /Applications/XAMPP/xamppfiles/htdocs/wordpress/wp-content/plugins/print-invoices-packing-slip-labels-for-woocommerce/includes/vendor/dompdf/dompdf/src/Adapter/CPDF.php(1189): Dompdf\Cpdf->output(false)
#10 /Applications/XAMPP/xamppfiles/htdocs/wordpress/wp-content/plugins/print-invoices-packing-slip-labels-for-woocommerce/includes/vendor/dompdf/dompdf/src/Dompdf.php(928): Dompdf\Adapter\CPDF->stream('/Applications/X...', Array)
#11 /Applications/XAMPP/xamppfiles/htdocs/wordpress/wp-content/plugins/print-invoices-packing-slip-labels-for-woocommerce/includes/class-dompdf.php(43): Dompdf\Dompdf->stream('/Applications/X...', Array)
#12 /Applications/XAMPP/xamppfiles/htdocs/wordpress/wp-content/plugins/print-invoices-packing-slip-labels-for-woocommerce/includes/class-wf-woocommerce-packing-list-pdf_generator.php(112): Wt_Pklist_Dompdf->generate('/Applications/X...', '<!DOCTYPE html>...', 'download', false, '/Applications/X...', Array)
#13 /Applications/XAMPP/xamppfiles/htdocs/wordpress/wp-content/plugins/print-invoices-packing-slip-labels-for-woocommerce/admin/modules/customizer/customizer.php(960): Wf_Woocommerce_Packing_List_Pdf_generator::generate_pdf('<!DOCTYPE html>...', 'packinglist', 'Packing-slip_17...', 'download')
#14 /Applications/XAMPP/xamppfiles/htdocs/wordpress/wp-content/plugins/print-invoices-packing-slip-labels-for-woocommerce/public/modules/packinglist/packinglist.php(314): Wf_Woocommerce_Packing_List_Customizer->generate_template_pdf('<!DOCTYPE html>...', 'packinglist', 'Packing-slip_17...', 'download')
#15 /Applications/XAMPP/xamppfiles/htdocs/wordpress/wp-includes/class-wp-hook.php(308): Wf_Woocommerce_Packing_List_Packinglist->print_it(Array, 'download_packin...')
#16 /Applications/XAMPP/xamppfiles/htdocs/wordpress/wp-includes/class-wp-hook.php(332): WP_Hook->apply_filters(NULL, Array)
#17 /Applications/XAMPP/xamppfiles/htdocs/wordpress/wp-includes/plugin.php(517): WP_Hook->do_action(Array)
#18 /Applications/XAMPP/xamppfiles/htdocs/wordpress/wp-content/plugins/print-invoices-packing-slip-labels-for-woocommerce/admin/class-wf-woocommerce-packing-list-admin.php(942): do_action('wt_print_doc', Array, 'download_packin...')
#19 /Applications/XAMPP/xamppfiles/htdocs/wordpress/wp-includes/class-wp-hook.php(308): Wf_Woocommerce_Packing_List_Admin->print_window('')
#20 /Applications/XAMPP/xamppfiles/htdocs/wordpress/wp-includes/class-wp-hook.php(332): WP_Hook->apply_filters(NULL, Array)
#21 /Applications/XAMPP/xamppfiles/htdocs/wordpress/wp-includes/plugin.php(517): WP_Hook->do_action(Array)
#22 /Applications/XAMPP/xamppfiles/htdocs/wordpress/wp-settings.php(623): do_action('init')
#23 /Applications/XAMPP/xamppfiles/htdocs/wordpress/wp-config.php(97): require_once('/Applications/X...')
#24 /Applications/XAMPP/xamppfiles/htdocs/wordpress/wp-load.php(50): require_once('/Applications/X...')
#25 /Applications/XAMPP/xamppfiles/htdocs/wordpress/wp-admin/admin.php(34): require_once('/Applications/X...')
#26 /Applications/XAMPP/xamppfiles/htdocs/wordpress/wp-admin/index.php(10): require_once('/Applications/X...')
#27 {main}
  thrown in /Applications/XAMPP/xamppfiles/htdocs/wordpress/wp-content/plugins/print-invoices-packing-slip-labels-for-woocommerce/includes/vendor/phenx/php-font-lib/src/FontLib/BinaryStream.php on line 153

2023-07-20T19:41:35+00:00 CRITICAL Uncaught TypeError: fwrite(): Argument #1 ($stream) must be of type resource, bool given in /Applications/XAMPP/xamppfiles/htdocs/wordpress/wp-content/plugins/print-invoices-packing-slip-labels-for-woocommerce/includes/vendor/phenx/php-font-lib/src/FontLib/BinaryStream.php:153
Stack trace:
#0 /Applications/XAMPP/xamppfiles/htdocs/wordpress/wp-content/plugins/print-invoices-packing-slip-labels-for-woocommerce/includes/vendor/phenx/php-font-lib/src/FontLib/BinaryStream.php(153): fwrite(false, '\x00\x01\x00\x00', 4)
#1 /Applications/XAMPP/xamppfiles/htdocs/wordpress/wp-content/plugins/print-invoices-packing-slip-labels-for-woocommerce/includes/vendor/phenx/php-font-lib/src/FontLib/BinaryStream.php(257): FontLib\BinaryStream->write('\x00\x01\x00\x00', 4)
#2 /Applications/XAMPP/xamppfiles/htdocs/wordpress/wp-content/plugins/print-invoices-packing-slip-labels-for-woocommerce/includes/vendor/phenx/php-font-lib/src/FontLib/BinaryStream.php(397): FontLib\BinaryStream->writeUInt32(65536)
#3 /Applications/XAMPP/xamppfiles/htdocs/wordpress/wp-content/plugins/print-invoices-packing-slip-labels-for-woocommerce/includes/vendor/phenx/php-font-lib/src/FontLib/BinaryStream.php(307): FontLib\BinaryStream->w(5, 65536)
#4 /Applications/XAMPP/xamppfiles/htdocs/wordpress/wp-content/plugins/print-invoices-packing-slip-labels-for-woocommerce/includes/vendor/phenx/php-font-lib/src/FontLib/Header.php(31): FontLib\BinaryStream->pack(Array, Array)
#5 /Applications/XAMPP/xamppfiles/htdocs/wordpress/wp-content/plugins/print-invoices-packing-slip-labels-for-woocommerce/includes/vendor/phenx/php-font-lib/src/FontLib/TrueType/File.php(243): FontLib\Header->encode()
#6 /Applications/XAMPP/xamppfiles/htdocs/wordpress/wp-content/plugins/print-invoices-packing-slip-labels-for-woocommerce/includes/vendor/dompdf/dompdf/lib/Cpdf.php(1178): FontLib\TrueType\File->encode(Array)
#7 /Applications/XAMPP/xamppfiles/htdocs/wordpress/wp-content/plugins/print-invoices-packing-slip-labels-for-woocommerce/includes/vendor/dompdf/dompdf/lib/Cpdf.php(931): Dompdf\Cpdf->processFont(9, Array)
#8 /Applications/XAMPP/xamppfiles/htdocs/wordpress/wp-content/plugins/print-invoices-packing-slip-labels-for-woocommerce/includes/vendor/dompdf/dompdf/lib/Cpdf.php(3195): Dompdf\Cpdf->o_font(9, 'add')
#9 /Applications/XAMPP/xamppfiles/htdocs/wordpress/wp-content/plugins/print-invoices-packing-slip-labels-for-woocommerce/includes/vendor/dompdf/dompdf/src/Adapter/CPDF.php(1189): Dompdf\Cpdf->output(false)
#10 /Applications/XAMPP/xamppfiles/htdocs/wordpress/wp-content/plugins/print-invoices-packing-slip-labels-for-woocommerce/includes/vendor/dompdf/dompdf/src/Dompdf.php(928): Dompdf\Adapter\CPDF->stream('/Applications/X...', Array)
#11 /Applications/XAMPP/xamppfiles/htdocs/wordpress/wp-content/plugins/print-invoices-packing-slip-labels-for-woocommerce/includes/class-dompdf.php(43): Dompdf\Dompdf->stream('/Applications/X...', Array)
#12 /Applications/XAMPP/xamppfiles/htdocs/wordpress/wp-content/plugins/print-invoices-packing-slip-labels-for-woocommerce/includes/class-wf-woocommerce-packing-list-pdf_generator.php(112): Wt_Pklist_Dompdf->generate('/Applications/X...', '<!DOCTYPE html>...', 'preview', true, '/Applications/X...', Array)
#13 /Applications/XAMPP/xamppfiles/htdocs/wordpress/wp-content/plugins/print-invoices-packing-slip-labels-for-woocommerce/admin/modules/customizer/customizer.php(960): Wf_Woocommerce_Packing_List_Pdf_generator::generate_pdf('<!DOCTYPE html>...', 'invoice', 'Invoice_176', 'preview')
#14 /Applications/XAMPP/xamppfiles/htdocs/wordpress/wp-content/plugins/print-invoices-packing-slip-labels-for-woocommerce/public/modules/invoice/invoice.php(1614): Wf_Woocommerce_Packing_List_Customizer->generate_template_pdf('<!DOCTYPE html>...', 'invoice', 'Invoice_176', 'preview')
#15 /Applications/XAMPP/xamppfiles/htdocs/wordpress/wp-includes/class-wp-hook.php(308): Wf_Woocommerce_Packing_List_Invoice->print_it(Array, 'preview')
#16 /Applications/XAMPP/xamppfiles/htdocs/wordpress/wp-includes/class-wp-hook.php(332): WP_Hook->apply_filters('', Array)
#17 /Applications/XAMPP/xamppfiles/htdocs/wordpress/wp-includes/plugin.php(517): WP_Hook->do_action(Array)
#18 /Applications/XAMPP/xamppfiles/htdocs/wordpress/wp-content/plugins/print-invoices-packing-slip-labels-for-woocommerce/admin/class-wf-woocommerce-packing-list-admin.php(942): do_action('wt_print_doc', Array, 'preview_invoice')
#19 /Applications/XAMPP/xamppfiles/htdocs/wordpress/wp-includes/class-wp-hook.php(308): Wf_Woocommerce_Packing_List_Admin->print_window('')
#20 /Applications/XAMPP/xamppfiles/htdocs/wordpress/wp-includes/class-wp-hook.php(332): WP_Hook->apply_filters(NULL, Array)
#21 /Applications/XAMPP/xamppfiles/htdocs/wordpress/wp-includes/plugin.php(517): WP_Hook->do_action(Array)
#22 /Applications/XAMPP/xamppfiles/htdocs/wordpress/wp-settings.php(623): do_action('init')
#23 /Applications/XAMPP/xamppfiles/htdocs/wordpress/wp-config.php(97): require_once('/Applications/X...')
#24 /Applications/XAMPP/xamppfiles/htdocs/wordpress/wp-load.php(50): require_once('/Applications/X...')
#25 /Applications/XAMPP/xamppfiles/htdocs/wordpress/wp-admin/admin.php(34): require_once('/Applications/X...')
#26 /Applications/XAMPP/xamppfiles/htdocs/wordpress/wp-admin/index.php(10): require_once('/Applications/X...')
#27 {main}
  thrown in /Applications/XAMPP/xamppfiles/htdocs/wordpress/wp-content/plugins/print-invoices-packing-slip-labels-for-woocommerce/includes/vendor/phenx/php-font-lib/src/FontLib/BinaryStream.php on line 153

