2023-07-26T00:54:52+00:00 ERROR Error getting data feed
2023-07-26T00:54:52+00:00 ERROR WP_Error Object
(
    [errors] => Array
        (
            [http_request_failed] => Array
                (
                    [0] => cURL error 6: Couldn't resolve host 'woocommerce.com'
                )

        )

    [error_data] => Array
        (
        )

    [additional_data:protected] => Array
        (
        )

)

2023-07-26T00:54:52+00:00 ERROR Error getting data feed
2023-07-26T00:54:52+00:00 ERROR WP_Error Object
(
    [errors] => Array
        (
            [http_request_failed] => Array
                (
                    [0] => cURL error 6: Couldn't resolve host 'woocommerce.com'
                )

        )

    [error_data] => Array
        (
        )

    [additional_data:protected] => Array
        (
        )

)

2023-07-26T00:54:52+00:00 ERROR Error getting data feed
2023-07-26T00:54:52+00:00 ERROR WP_Error Object
(
    [errors] => Array
        (
            [http_request_failed] => Array
                (
                    [0] => cURL error 6: Couldn't resolve host 'woocommerce.com'
                )

        )

    [error_data] => Array
        (
        )

    [additional_data:protected] => Array
        (
        )

)

2023-07-26T00:54:52+00:00 ERROR Error getting data feed
2023-07-26T00:54:52+00:00 ERROR WP_Error Object
(
    [errors] => Array
        (
            [http_request_failed] => Array
                (
                    [0] => cURL error 6: Couldn't resolve host 'woocommerce.com'
                )

        )

    [error_data] => Array
        (
        )

    [additional_data:protected] => Array
        (
        )

)

2023-07-26T00:54:52+00:00 ERROR Error getting data feed
2023-07-26T00:54:52+00:00 ERROR WP_Error Object
(
    [errors] => Array
        (
            [http_request_failed] => Array
                (
                    [0] => cURL error 6: Couldn't resolve host 'woocommerce.com'
                )

        )

    [error_data] => Array
        (
        )

    [additional_data:protected] => Array
        (
        )

)

2023-07-26T00:54:53+00:00 ERROR Error getting data feed
2023-07-26T00:54:53+00:00 ERROR WP_Error Object
(
    [errors] => Array
        (
            [http_request_failed] => Array
                (
                    [0] => cURL error 6: Couldn't resolve host 'woocommerce.com'
                )

        )

    [error_data] => Array
        (
        )

    [additional_data:protected] => Array
        (
        )

)

2023-07-26T00:54:56+00:00 ERROR Error getting data feed
2023-07-26T00:54:56+00:00 ERROR WP_Error Object
(
    [errors] => Array
        (
            [http_request_failed] => Array
                (
                    [0] => cURL error 6: Couldn't resolve host 'woocommerce.com'
                )

        )

    [error_data] => Array
        (
        )

    [additional_data:protected] => Array
        (
        )

)

2023-07-26T00:54:56+00:00 ERROR Error getting data feed
2023-07-26T00:54:56+00:00 ERROR WP_Error Object
(
    [errors] => Array
        (
            [http_request_failed] => Array
                (
                    [0] => cURL error 6: Couldn't resolve host 'woocommerce.com'
                )

        )

    [error_data] => Array
        (
        )

    [additional_data:protected] => Array
        (
        )

)

2023-07-26T00:54:58+00:00 ERROR Error getting data feed
2023-07-26T00:54:58+00:00 ERROR Error getting data feed
2023-07-26T00:54:58+00:00 ERROR WP_Error Object
(
    [errors] => Array
        (
            [http_request_failed] => Array
                (
                    [0] => cURL error 6: Couldn't resolve host 'woocommerce.com'
                )

        )

    [error_data] => Array
        (
        )

    [additional_data:protected] => Array
        (
        )

)

2023-07-26T00:54:58+00:00 ERROR WP_Error Object
(
    [errors] => Array
        (
            [http_request_failed] => Array
                (
                    [0] => cURL error 6: Couldn't resolve host 'woocommerce.com'
                )

        )

    [error_data] => Array
        (
        )

    [additional_data:protected] => Array
        (
        )

)

2023-07-26T00:56:07+00:00 ERROR Error getting data feed
2023-07-26T00:56:07+00:00 ERROR WP_Error Object
(
    [errors] => Array
        (
            [http_request_failed] => Array
                (
                    [0] => cURL error 6: Couldn't resolve host 'woocommerce.com'
                )

        )

    [error_data] => Array
        (
        )

    [additional_data:protected] => Array
        (
        )

)

2023-07-26T00:56:09+00:00 ERROR Error getting data feed
2023-07-26T00:56:09+00:00 ERROR WP_Error Object
(
    [errors] => Array
        (
            [http_request_failed] => Array
                (
                    [0] => cURL error 6: Couldn't resolve host 'woocommerce.com'
                )

        )

    [error_data] => Array
        (
        )

    [additional_data:protected] => Array
        (
        )

)

2023-07-26T00:56:10+00:00 ERROR Error getting data feed
2023-07-26T00:56:10+00:00 ERROR WP_Error Object
(
    [errors] => Array
        (
            [http_request_failed] => Array
                (
                    [0] => cURL error 6: Couldn't resolve host 'woocommerce.com'
                )

        )

    [error_data] => Array
        (
        )

    [additional_data:protected] => Array
        (
        )

)

2023-07-26T00:58:29+00:00 ERROR Error getting data feed
2023-07-26T00:58:29+00:00 ERROR WP_Error Object
(
    [errors] => Array
        (
            [http_request_failed] => Array
                (
                    [0] => cURL error 6: Couldn't resolve host 'woocommerce.com'
                )

        )

    [error_data] => Array
        (
        )

    [additional_data:protected] => Array
        (
        )

)

2023-07-26T01:00:10+00:00 ERROR Error getting data feed
2023-07-26T01:00:10+00:00 ERROR WP_Error Object
(
    [errors] => Array
        (
            [http_request_failed] => Array
                (
                    [0] => cURL error 6: Couldn't resolve host 'woocommerce.com'
                )

        )

    [error_data] => Array
        (
        )

    [additional_data:protected] => Array
        (
        )

)

2023-07-26T01:01:37+00:00 ERROR Error getting data feed
2023-07-26T01:01:37+00:00 ERROR WP_Error Object
(
    [errors] => Array
        (
            [http_request_failed] => Array
                (
                    [0] => cURL error 6: Couldn't resolve host 'woocommerce.com'
                )

        )

    [error_data] => Array
        (
        )

    [additional_data:protected] => Array
        (
        )

)

2023-07-26T01:01:37+00:00 ERROR Error getting data feed
2023-07-26T01:01:37+00:00 ERROR WP_Error Object
(
    [errors] => Array
        (
            [http_request_failed] => Array
                (
                    [0] => cURL error 6: Couldn't resolve host 'woocommerce.com'
                )

        )

    [error_data] => Array
        (
        )

    [additional_data:protected] => Array
        (
        )

)

2023-07-26T01:01:37+00:00 ERROR Error getting data feed
2023-07-26T01:01:37+00:00 ERROR WP_Error Object
(
    [errors] => Array
        (
            [http_request_failed] => Array
                (
                    [0] => cURL error 6: Couldn't resolve host 'woocommerce.com'
                )

        )

    [error_data] => Array
        (
        )

    [additional_data:protected] => Array
        (
        )

)

2023-07-26T01:01:37+00:00 ERROR Error getting data feed
2023-07-26T01:01:37+00:00 ERROR WP_Error Object
(
    [errors] => Array
        (
            [http_request_failed] => Array
                (
                    [0] => cURL error 6: Couldn't resolve host 'woocommerce.com'
                )

        )

    [error_data] => Array
        (
        )

    [additional_data:protected] => Array
        (
        )

)

2023-07-26T01:01:37+00:00 ERROR Error getting data feed
2023-07-26T01:01:37+00:00 ERROR WP_Error Object
(
    [errors] => Array
        (
            [http_request_failed] => Array
                (
                    [0] => cURL error 6: Couldn't resolve host 'woocommerce.com'
                )

        )

    [error_data] => Array
        (
        )

    [additional_data:protected] => Array
        (
        )

)

2023-07-26T01:01:37+00:00 ERROR Error getting data feed
2023-07-26T01:01:37+00:00 ERROR WP_Error Object
(
    [errors] => Array
        (
            [http_request_failed] => Array
                (
                    [0] => cURL error 6: Couldn't resolve host 'woocommerce.com'
                )

        )

    [error_data] => Array
        (
        )

    [additional_data:protected] => Array
        (
        )

)

2023-07-26T01:01:40+00:00 ERROR Error getting data feed
2023-07-26T01:01:40+00:00 ERROR WP_Error Object
(
    [errors] => Array
        (
            [http_request_failed] => Array
                (
                    [0] => cURL error 6: Couldn't resolve host 'woocommerce.com'
                )

        )

    [error_data] => Array
        (
        )

    [additional_data:protected] => Array
        (
        )

)

2023-07-26T01:01:40+00:00 ERROR Error getting data feed
2023-07-26T01:01:40+00:00 ERROR WP_Error Object
(
    [errors] => Array
        (
            [http_request_failed] => Array
                (
                    [0] => cURL error 6: Couldn't resolve host 'woocommerce.com'
                )

        )

    [error_data] => Array
        (
        )

    [additional_data:protected] => Array
        (
        )

)

2023-07-26T01:01:42+00:00 ERROR Error getting data feed
2023-07-26T01:01:42+00:00 ERROR WP_Error Object
(
    [errors] => Array
        (
            [http_request_failed] => Array
                (
                    [0] => cURL error 6: Couldn't resolve host 'woocommerce.com'
                )

        )

    [error_data] => Array
        (
        )

    [additional_data:protected] => Array
        (
        )

)

2023-07-26T01:01:42+00:00 ERROR Error getting data feed
2023-07-26T01:01:42+00:00 ERROR WP_Error Object
(
    [errors] => Array
        (
            [http_request_failed] => Array
                (
                    [0] => cURL error 6: Couldn't resolve host 'woocommerce.com'
                )

        )

    [error_data] => Array
        (
        )

    [additional_data:protected] => Array
        (
        )

)

2023-07-26T01:02:36+00:00 ERROR Error getting data feed
2023-07-26T01:02:36+00:00 ERROR WP_Error Object
(
    [errors] => Array
        (
            [http_request_failed] => Array
                (
                    [0] => cURL error 6: Couldn't resolve host 'woocommerce.com'
                )

        )

    [error_data] => Array
        (
        )

    [additional_data:protected] => Array
        (
        )

)

2023-07-26T01:06:17+00:00 ERROR Error getting data feed
2023-07-26T01:06:17+00:00 ERROR WP_Error Object
(
    [errors] => Array
        (
            [http_request_failed] => Array
                (
                    [0] => cURL error 6: Couldn't resolve host 'woocommerce.com'
                )

        )

    [error_data] => Array
        (
        )

    [additional_data:protected] => Array
        (
        )

)

2023-07-26T01:06:18+00:00 ERROR Error getting data feed
2023-07-26T01:06:18+00:00 ERROR WP_Error Object
(
    [errors] => Array
        (
            [http_request_failed] => Array
                (
                    [0] => cURL error 6: Couldn't resolve host 'woocommerce.com'
                )

        )

    [error_data] => Array
        (
        )

    [additional_data:protected] => Array
        (
        )

)

2023-07-26T01:06:18+00:00 ERROR Error getting data feed
2023-07-26T01:06:18+00:00 ERROR WP_Error Object
(
    [errors] => Array
        (
            [http_request_failed] => Array
                (
                    [0] => cURL error 6: Couldn't resolve host 'woocommerce.com'
                )

        )

    [error_data] => Array
        (
        )

    [additional_data:protected] => Array
        (
        )

)

2023-07-26T01:06:21+00:00 ERROR Error getting data feed
2023-07-26T01:06:21+00:00 ERROR WP_Error Object
(
    [errors] => Array
        (
            [http_request_failed] => Array
                (
                    [0] => cURL error 6: Couldn't resolve host 'woocommerce.com'
                )

        )

    [error_data] => Array
        (
        )

    [additional_data:protected] => Array
        (
        )

)

2023-07-26T01:06:22+00:00 ERROR Error getting data feed
2023-07-26T01:06:22+00:00 ERROR WP_Error Object
(
    [errors] => Array
        (
            [http_request_failed] => Array
                (
                    [0] => cURL error 6: Couldn't resolve host 'woocommerce.com'
                )

        )

    [error_data] => Array
        (
        )

    [additional_data:protected] => Array
        (
        )

)

2023-07-26T01:06:23+00:00 ERROR Error getting data feed
2023-07-26T01:06:23+00:00 ERROR WP_Error Object
(
    [errors] => Array
        (
            [http_request_failed] => Array
                (
                    [0] => cURL error 6: Couldn't resolve host 'woocommerce.com'
                )

        )

    [error_data] => Array
        (
        )

    [additional_data:protected] => Array
        (
        )

)

2023-07-26T01:08:08+00:00 ERROR Error getting data feed
2023-07-26T01:08:08+00:00 ERROR WP_Error Object
(
    [errors] => Array
        (
            [http_request_failed] => Array
                (
                    [0] => cURL error 6: Couldn't resolve host 'woocommerce.com'
                )

        )

    [error_data] => Array
        (
        )

    [additional_data:protected] => Array
        (
        )

)

2023-07-26T01:08:10+00:00 ERROR Error getting data feed
2023-07-26T01:08:10+00:00 ERROR WP_Error Object
(
    [errors] => Array
        (
            [http_request_failed] => Array
                (
                    [0] => cURL error 6: Couldn't resolve host 'woocommerce.com'
                )

        )

    [error_data] => Array
        (
        )

    [additional_data:protected] => Array
        (
        )

)

2023-07-26T01:08:13+00:00 ERROR Error getting data feed
2023-07-26T01:08:13+00:00 ERROR WP_Error Object
(
    [errors] => Array
        (
            [http_request_failed] => Array
                (
                    [0] => cURL error 6: Couldn't resolve host 'woocommerce.com'
                )

        )

    [error_data] => Array
        (
        )

    [additional_data:protected] => Array
        (
        )

)

2023-07-26T01:08:23+00:00 ERROR Error getting data feed
2023-07-26T01:08:23+00:00 ERROR WP_Error Object
(
    [errors] => Array
        (
            [http_request_failed] => Array
                (
                    [0] => cURL error 6: Couldn't resolve host 'woocommerce.com'
                )

        )

    [error_data] => Array
        (
        )

    [additional_data:protected] => Array
        (
        )

)

2023-07-26T01:08:23+00:00 ERROR Error getting data feed
2023-07-26T01:08:23+00:00 ERROR WP_Error Object
(
    [errors] => Array
        (
            [http_request_failed] => Array
                (
                    [0] => cURL error 6: Couldn't resolve host 'woocommerce.com'
                )

        )

    [error_data] => Array
        (
        )

    [additional_data:protected] => Array
        (
        )

)

2023-07-26T01:08:23+00:00 ERROR Error getting data feed
2023-07-26T01:08:23+00:00 ERROR WP_Error Object
(
    [errors] => Array
        (
            [http_request_failed] => Array
                (
                    [0] => cURL error 6: Couldn't resolve host 'woocommerce.com'
                )

        )

    [error_data] => Array
        (
        )

    [additional_data:protected] => Array
        (
        )

)

2023-07-26T01:08:23+00:00 ERROR Error getting data feed
2023-07-26T01:08:23+00:00 ERROR WP_Error Object
(
    [errors] => Array
        (
            [http_request_failed] => Array
                (
                    [0] => cURL error 6: Couldn't resolve host 'woocommerce.com'
                )

        )

    [error_data] => Array
        (
        )

    [additional_data:protected] => Array
        (
        )

)

2023-07-26T01:08:24+00:00 ERROR Error getting data feed
2023-07-26T01:08:24+00:00 ERROR Error getting data feed
2023-07-26T01:08:24+00:00 ERROR WP_Error Object
(
    [errors] => Array
        (
            [http_request_failed] => Array
                (
                    [0] => cURL error 6: Couldn't resolve host 'woocommerce.com'
                )

        )

    [error_data] => Array
        (
        )

    [additional_data:protected] => Array
        (
        )

)

2023-07-26T01:08:24+00:00 ERROR WP_Error Object
(
    [errors] => Array
        (
            [http_request_failed] => Array
                (
                    [0] => cURL error 6: Couldn't resolve host 'woocommerce.com'
                )

        )

    [error_data] => Array
        (
        )

    [additional_data:protected] => Array
        (
        )

)

2023-07-26T01:08:25+00:00 ERROR Error getting data feed
2023-07-26T01:08:25+00:00 ERROR WP_Error Object
(
    [errors] => Array
        (
            [http_request_failed] => Array
                (
                    [0] => cURL error 6: Couldn't resolve host 'woocommerce.com'
                )

        )

    [error_data] => Array
        (
        )

    [additional_data:protected] => Array
        (
        )

)

2023-07-26T01:08:25+00:00 ERROR Error getting data feed
2023-07-26T01:08:25+00:00 ERROR WP_Error Object
(
    [errors] => Array
        (
            [http_request_failed] => Array
                (
                    [0] => cURL error 6: Couldn't resolve host 'woocommerce.com'
                )

        )

    [error_data] => Array
        (
        )

    [additional_data:protected] => Array
        (
        )

)

2023-07-26T01:08:27+00:00 ERROR Error getting data feed
2023-07-26T01:08:27+00:00 ERROR Error getting data feed
2023-07-26T01:08:27+00:00 ERROR WP_Error Object
(
    [errors] => Array
        (
            [http_request_failed] => Array
                (
                    [0] => cURL error 6: Couldn't resolve host 'woocommerce.com'
                )

        )

    [error_data] => Array
        (
        )

    [additional_data:protected] => Array
        (
        )

)

2023-07-26T01:08:27+00:00 ERROR WP_Error Object
(
    [errors] => Array
        (
            [http_request_failed] => Array
                (
                    [0] => cURL error 6: Couldn't resolve host 'woocommerce.com'
                )

        )

    [error_data] => Array
        (
        )

    [additional_data:protected] => Array
        (
        )

)

2023-07-26T01:09:22+00:00 ERROR Error getting data feed
2023-07-26T01:09:22+00:00 ERROR WP_Error Object
(
    [errors] => Array
        (
            [http_request_failed] => Array
                (
                    [0] => cURL error 6: Couldn't resolve host 'woocommerce.com'
                )

        )

    [error_data] => Array
        (
        )

    [additional_data:protected] => Array
        (
        )

)

2023-07-26T01:12:53+00:00 ERROR Error getting data feed
2023-07-26T01:12:53+00:00 ERROR WP_Error Object
(
    [errors] => Array
        (
            [http_request_failed] => Array
                (
                    [0] => cURL error 6: Couldn't resolve host 'woocommerce.com'
                )

        )

    [error_data] => Array
        (
        )

    [additional_data:protected] => Array
        (
        )

)

2023-07-26T01:12:53+00:00 ERROR Error getting data feed
2023-07-26T01:12:53+00:00 ERROR WP_Error Object
(
    [errors] => Array
        (
            [http_request_failed] => Array
                (
                    [0] => cURL error 6: Couldn't resolve host 'woocommerce.com'
                )

        )

    [error_data] => Array
        (
        )

    [additional_data:protected] => Array
        (
        )

)

2023-07-26T01:12:54+00:00 ERROR Error getting data feed
2023-07-26T01:12:54+00:00 ERROR WP_Error Object
(
    [errors] => Array
        (
            [http_request_failed] => Array
                (
                    [0] => cURL error 6: Couldn't resolve host 'woocommerce.com'
                )

        )

    [error_data] => Array
        (
        )

    [additional_data:protected] => Array
        (
        )

)

2023-07-26T01:12:54+00:00 ERROR Error getting data feed
2023-07-26T01:12:54+00:00 ERROR WP_Error Object
(
    [errors] => Array
        (
            [http_request_failed] => Array
                (
                    [0] => cURL error 6: Couldn't resolve host 'woocommerce.com'
                )

        )

    [error_data] => Array
        (
        )

    [additional_data:protected] => Array
        (
        )

)

2023-07-26T01:12:55+00:00 ERROR Error getting data feed
2023-07-26T01:12:55+00:00 ERROR WP_Error Object
(
    [errors] => Array
        (
            [http_request_failed] => Array
                (
                    [0] => cURL error 6: Couldn't resolve host 'woocommerce.com'
                )

        )

    [error_data] => Array
        (
        )

    [additional_data:protected] => Array
        (
        )

)

2023-07-26T01:12:56+00:00 ERROR Error getting data feed
2023-07-26T01:12:56+00:00 ERROR WP_Error Object
(
    [errors] => Array
        (
            [http_request_failed] => Array
                (
                    [0] => cURL error 6: Couldn't resolve host 'woocommerce.com'
                )

        )

    [error_data] => Array
        (
        )

    [additional_data:protected] => Array
        (
        )

)

2023-07-26T01:13:13+00:00 ERROR Error getting data feed
2023-07-26T01:13:13+00:00 ERROR WP_Error Object
(
    [errors] => Array
        (
            [http_request_failed] => Array
                (
                    [0] => cURL error 6: Couldn't resolve host 'woocommerce.com'
                )

        )

    [error_data] => Array
        (
        )

    [additional_data:protected] => Array
        (
        )

)

2023-07-26T01:13:13+00:00 ERROR Error getting data feed
2023-07-26T01:13:13+00:00 ERROR WP_Error Object
(
    [errors] => Array
        (
            [http_request_failed] => Array
                (
                    [0] => cURL error 6: Couldn't resolve host 'woocommerce.com'
                )

        )

    [error_data] => Array
        (
        )

    [additional_data:protected] => Array
        (
        )

)

2023-07-26T01:13:13+00:00 ERROR Error getting data feed
2023-07-26T01:13:13+00:00 ERROR WP_Error Object
(
    [errors] => Array
        (
            [http_request_failed] => Array
                (
                    [0] => cURL error 6: Couldn't resolve host 'woocommerce.com'
                )

        )

    [error_data] => Array
        (
        )

    [additional_data:protected] => Array
        (
        )

)

2023-07-26T01:13:13+00:00 ERROR Error getting data feed
2023-07-26T01:13:13+00:00 ERROR WP_Error Object
(
    [errors] => Array
        (
            [http_request_failed] => Array
                (
                    [0] => cURL error 6: Couldn't resolve host 'woocommerce.com'
                )

        )

    [error_data] => Array
        (
        )

    [additional_data:protected] => Array
        (
        )

)

2023-07-26T01:13:13+00:00 ERROR Error getting data feed
2023-07-26T01:13:13+00:00 ERROR WP_Error Object
(
    [errors] => Array
        (
            [http_request_failed] => Array
                (
                    [0] => cURL error 6: Couldn't resolve host 'woocommerce.com'
                )

        )

    [error_data] => Array
        (
        )

    [additional_data:protected] => Array
        (
        )

)

2023-07-26T01:13:13+00:00 ERROR Error getting data feed
2023-07-26T01:13:13+00:00 ERROR WP_Error Object
(
    [errors] => Array
        (
            [http_request_failed] => Array
                (
                    [0] => cURL error 6: Couldn't resolve host 'woocommerce.com'
                )

        )

    [error_data] => Array
        (
        )

    [additional_data:protected] => Array
        (
        )

)

2023-07-26T01:13:15+00:00 ERROR Error getting data feed
2023-07-26T01:13:15+00:00 ERROR WP_Error Object
(
    [errors] => Array
        (
            [http_request_failed] => Array
                (
                    [0] => cURL error 6: Couldn't resolve host 'woocommerce.com'
                )

        )

    [error_data] => Array
        (
        )

    [additional_data:protected] => Array
        (
        )

)

2023-07-26T01:13:15+00:00 ERROR Error getting data feed
2023-07-26T01:13:15+00:00 ERROR WP_Error Object
(
    [errors] => Array
        (
            [http_request_failed] => Array
                (
                    [0] => cURL error 6: Couldn't resolve host 'woocommerce.com'
                )

        )

    [error_data] => Array
        (
        )

    [additional_data:protected] => Array
        (
        )

)

2023-07-26T01:13:16+00:00 ERROR Error getting data feed
2023-07-26T01:13:16+00:00 ERROR WP_Error Object
(
    [errors] => Array
        (
            [http_request_failed] => Array
                (
                    [0] => cURL error 6: Couldn't resolve host 'woocommerce.com'
                )

        )

    [error_data] => Array
        (
        )

    [additional_data:protected] => Array
        (
        )

)

2023-07-26T01:13:16+00:00 ERROR Error getting data feed
2023-07-26T01:13:16+00:00 ERROR WP_Error Object
(
    [errors] => Array
        (
            [http_request_failed] => Array
                (
                    [0] => cURL error 6: Couldn't resolve host 'woocommerce.com'
                )

        )

    [error_data] => Array
        (
        )

    [additional_data:protected] => Array
        (
        )

)

2023-07-26T01:14:12+00:00 ERROR Error getting data feed
2023-07-26T01:14:12+00:00 ERROR WP_Error Object
(
    [errors] => Array
        (
            [http_request_failed] => Array
                (
                    [0] => cURL error 6: Couldn't resolve host 'woocommerce.com'
                )

        )

    [error_data] => Array
        (
        )

    [additional_data:protected] => Array
        (
        )

)

2023-07-26T01:16:14+00:00 ERROR Error getting data feed
2023-07-26T01:16:14+00:00 ERROR WP_Error Object
(
    [errors] => Array
        (
            [http_request_failed] => Array
                (
                    [0] => cURL error 6: Couldn't resolve host 'woocommerce.com'
                )

        )

    [error_data] => Array
        (
        )

    [additional_data:protected] => Array
        (
        )

)

2023-07-26T01:16:14+00:00 ERROR Error getting data feed
2023-07-26T01:16:14+00:00 ERROR WP_Error Object
(
    [errors] => Array
        (
            [http_request_failed] => Array
                (
                    [0] => cURL error 6: Couldn't resolve host 'woocommerce.com'
                )

        )

    [error_data] => Array
        (
        )

    [additional_data:protected] => Array
        (
        )

)

2023-07-26T01:16:14+00:00 ERROR Error getting data feed
2023-07-26T01:16:14+00:00 ERROR WP_Error Object
(
    [errors] => Array
        (
            [http_request_failed] => Array
                (
                    [0] => cURL error 6: Couldn't resolve host 'woocommerce.com'
                )

        )

    [error_data] => Array
        (
        )

    [additional_data:protected] => Array
        (
        )

)

2023-07-26T01:16:15+00:00 ERROR Error getting data feed
2023-07-26T01:16:15+00:00 ERROR WP_Error Object
(
    [errors] => Array
        (
            [http_request_failed] => Array
                (
                    [0] => cURL error 6: Couldn't resolve host 'woocommerce.com'
                )

        )

    [error_data] => Array
        (
        )

    [additional_data:protected] => Array
        (
        )

)

2023-07-26T01:16:16+00:00 ERROR Error getting data feed
2023-07-26T01:16:16+00:00 ERROR WP_Error Object
(
    [errors] => Array
        (
            [http_request_failed] => Array
                (
                    [0] => cURL error 6: Couldn't resolve host 'woocommerce.com'
                )

        )

    [error_data] => Array
        (
        )

    [additional_data:protected] => Array
        (
        )

)

2023-07-26T01:16:17+00:00 ERROR Error getting data feed
2023-07-26T01:16:17+00:00 ERROR WP_Error Object
(
    [errors] => Array
        (
            [http_request_failed] => Array
                (
                    [0] => cURL error 6: Couldn't resolve host 'woocommerce.com'
                )

        )

    [error_data] => Array
        (
        )

    [additional_data:protected] => Array
        (
        )

)

2023-07-26T01:18:12+00:00 ERROR Error getting data feed
2023-07-26T01:18:12+00:00 ERROR WP_Error Object
(
    [errors] => Array
        (
            [http_request_failed] => Array
                (
                    [0] => cURL error 6: Couldn't resolve host 'woocommerce.com'
                )

        )

    [error_data] => Array
        (
        )

    [additional_data:protected] => Array
        (
        )

)

2023-07-26T01:18:15+00:00 ERROR Error getting data feed
2023-07-26T01:18:15+00:00 ERROR WP_Error Object
(
    [errors] => Array
        (
            [http_request_failed] => Array
                (
                    [0] => cURL error 6: Couldn't resolve host 'woocommerce.com'
                )

        )

    [error_data] => Array
        (
        )

    [additional_data:protected] => Array
        (
        )

)

2023-07-26T01:18:16+00:00 ERROR Error getting data feed
2023-07-26T01:18:16+00:00 ERROR WP_Error Object
(
    [errors] => Array
        (
            [http_request_failed] => Array
                (
                    [0] => cURL error 6: Couldn't resolve host 'woocommerce.com'
                )

        )

    [error_data] => Array
        (
        )

    [additional_data:protected] => Array
        (
        )

)

2023-07-26T01:18:17+00:00 ERROR Error getting data feed
2023-07-26T01:18:17+00:00 ERROR WP_Error Object
(
    [errors] => Array
        (
            [http_request_failed] => Array
                (
                    [0] => cURL error 6: Couldn't resolve host 'woocommerce.com'
                )

        )

    [error_data] => Array
        (
        )

    [additional_data:protected] => Array
        (
        )

)

