2023-07-17T00:37:40+00:00 ERROR Error getting data feed
2023-07-17T00:37:40+00:00 ERROR WP_Error Object
(
    [errors] => Array
        (
            [http_request_failed] => Array
                (
                    [0] => cURL error 6: Couldn't resolve host 'woocommerce.com'
                )

        )

    [error_data] => Array
        (
        )

    [additional_data:protected] => Array
        (
        )

)

2023-07-17T00:37:40+00:00 ERROR Error getting data feed
2023-07-17T00:37:40+00:00 ERROR WP_Error Object
(
    [errors] => Array
        (
            [http_request_failed] => Array
                (
                    [0] => cURL error 6: Couldn't resolve host 'woocommerce.com'
                )

        )

    [error_data] => Array
        (
        )

    [additional_data:protected] => Array
        (
        )

)

2023-07-17T14:08:44+00:00 ERROR Error getting data feed
2023-07-17T14:08:44+00:00 ERROR WP_Error Object
(
    [errors] => Array
        (
            [http_request_failed] => Array
                (
                    [0] => cURL error 6: Couldn't resolve host 'woocommerce.com'
                )

        )

    [error_data] => Array
        (
        )

    [additional_data:protected] => Array
        (
        )

)

